Times stamped for ANIMATION_TIMESTAMPS
1326300825216
1326300825224
1326300825235
1326300825248
1326300825259
1326300825262
1326300825264
1326300825274
1326300825277
1326300825280
1326300825291
1326300825294
1326300825297
1326300825308
1326300825311
1326300825313
1326300825325
1326300825327
1326300825330
1326300825341
1326300825344
1326300825347
1326300825358
1326300825360
1326300825363
1326300825376
1326300825379
1326300825381
1326300825393
1326300825395
1326300825398
1326300825401
1326300825415
1326300825425
1326300825427
1326300825430
1326300825441
1326300825444
1326300825447
1326300825458
1326300825461
1326300825463
1326300825475
1326300825477
1326300825480
1326300825491
1326300825494
1326300825497
1326300825508
1326300825511
1326300825513
1326300825525
1326300825527
1326300825530
1326300825542
1326300825544
1326300825547
1326300825558
1326300825561
1326300825564
1326300825575
1326300825577
1326300825580
1326300825592
1326300825594
1326300825597
1326300825608
1326300825611
1326300825614
1326300825625
1326300825628
1326300825630
1326300825642
1326300825644
1326300825647
1326300825659
1326300825661
1326300825664
1326300825675
1326300825677
1326300825680
1326300825692
1326300825694
1326300825696
1326300825708
1326300825711
1326300825713
1326300825716
1326300825719
1326300825721
1326300825723
1326300825725
1326300825727
1326300825730
1326300825733
1326300825735
1326300825737
1326300825739
1326300825742
1326300825744
1326300825746
1326300825749
1326300825751
1326300825754
1326300825756
1326300825758
1326300825761
1326300825763
1326300825768
1326300825782
1326300825792
1326300825794
1326300825797
1326300825799
1326300825809
1326300825811
1326300825813
1326300825816
1326300825825
1326300825828
1326300825830
1326300825833
1326300825842
1326300825844
1326300825847
1326300825849
1326300825859
1326300825861
1326300825864
1326300825866
1326300825875
1326300825878
1326300825880
1326300825883
1326300825892
1326300825895
1326300825897
1326300825900
1326300825909
1326300825911
1326300825913
1326300825916
1326300825925
1326300825928
1326300825930
1326300825933
1326300825942
1326300825945
1326300825947
1326300825950
1326300825959
1326300825961
1326300825964
1326300825966
1326300825976
1326300825978
1326300825981
1326300825983
1326300825992
1326300825995
1326300825997
1326300826000
1326300826009
1326300826012
1326300826014
1326300826016
1326300826026
1326300826028
1326300826030
1326300826033
1326300826043
1326300826045
1326300826047
1326300826050
1326300826059
1326300826061
1326300826064
1326300826066
1326300826076
1326300826078
1326300826081
1326300826083
1326300826092
1326300826095
1326300826098
1326300826100
1326300826109
1326300826111
1326300826114
1326300826116
1326300826126
1326300826128
1326300826131
1326300826133
1326300826143
1326300826145
1326300826148
1326300826150
1326300826159
1326300826162
1326300826164
1326300826167
1326300826176
1326300826178
1326300826181
1326300826183
1326300826193
1326300826195
1326300826198
1326300826201
1326300826209
1326300826212
1326300826214
1326300826217
1326300826226
1326300826233
1326300826243
1326300826245
1326300826248
1326300826250
1326300826259
1326300826262
1326300826264
1326300826267
1326300826276
1326300826278
1326300826281
1326300826283
1326300826293
1326300826295
1326300826298
1326300826300
1326300826309
1326300826312
1326300826314
1326300826317
1326300826326
1326300826328
1326300826331
1326300826333
1326300826343
1326300826345
1326300826348
1326300826351
1326300826360
1326300826362
1326300826365
1326300826367
1326300826376
1326300826379
1326300826381
1326300826384
1326300826391
1326300826400
1326300826410
1326300826412
1326300826415
1326300826417
1326300826426
1326300826429
1326300826431
1326300826434
1326300826443
1326300826445
1326300826448
1326300826450
1326300826460
1326300826462
1326300826464
1326300826467
1326300826476
1326300826479
1326300826481
1326300826484
1326300826493
1326300826496
1326300826498
1326300826501
1326300826510
1326300826512
1326300826515
1326300826517
1326300826526
1326300826529
1326300826531
1326300826534
1326300826543
1326300826546
1326300826548
1326300826551
1326300826560
1326300826563
1326300826565
1326300826568
1326300826576
1326300826579
1326300826581
1326300826584
1326300826593
1326300826596
1326300826598
1326300826601
1326300826610
1326300826613
1326300826615
1326300826617
1326300826627
1326300826629
1326300826631
1326300826634
1326300826643
1326300826646
1326300826648
1326300826651
1326300826660
1326300826662
1326300826665
1326300826667
1326300826677
1326300826679
1326300826682
1326300826684
1326300826693
1326300826696
1326300826698
1326300826701
1326300826710
1326300826713
1326300826715
1326300826718
1326300826727
1326300826729
1326300826732
1326300826734
1326300826743
1326300826746
1326300826748
1326300826751
1326300826760
1326300826762
1326300826765
1326300826767
1326300826777
1326300826779
1326300826782
1326300826784
1326300826793
1326300826796
1326300826798
1326300826800
1326300826810
1326300826813
1326300826815
1326300826818
1326300826827
1326300826829
1326300826832
1326300826835
1326300826844
1326300826846
1326300826849
1326300826851
1326300826860
1326300826863
1326300826865
1326300826868
1326300826877
1326300826880
1326300826882
1326300826885
1326300826894
1326300826896
1326300826899
1326300826901
1326300826910
1326300826913
1326300826915
1326300826918
1326300826927
1326300826930
1326300826932
1326300826935
1326300826944
1326300826946
1326300826949
1326300826951
1326300826961
1326300826981
1326300826992
1326300826999
1326300827004
1326300827009
1326300827015
1326300827021
1326300827027
1326300827032
1326300827037
1326300827042
1326300827046
1326300827051
1326300827062
1326300827068
1326300827079
1326300827085
1326300827096
1326300827102
1326300827112
1326300827117
1326300827129
1326300827134
1326300827146
1326300827152
1326300827162
1326300827166
1326300827169
1326300827179
1326300827183
1326300827186
1326300827196
1326300827200
1326300827203
1326300827212
1326300827216
1326300827219
1326300827233
1326300827236
1326300827246
1326300827249
1326300827253
1326300827263
1326300827266
1326300827269
1326300827279
1326300827283
1326300827286
1326300827296
1326300827299
1326300827303
1326300827313
1326300827316
1326300827319
1326300827330
1326300827333
1326300827336
1326300827346
1326300827349
1326300827353
1326300827363
1326300827366
1326300827370
1326300827380
1326300827383
1326300827401
1326300827413
1326300827416
1326300827420
1326300827430
1326300827433
1326300827436
1326300827446
1326300827450
1326300827453
1326300827463
1326300827466
1326300827470
1326300827479
1326300827483
1326300827487
1326300827496
1326300827500
1326300827503
1326300827513
1326300827516
1326300827520
1326300827531
1326300827534
1326300827538
1326300827546
1326300827550
1326300827553
1326300827563
1326300827566
1326300827570
1326300827579
1326300827583
1326300827586
1326300827596
1326300827600
1326300827603
1326300827613
1326300827616
1326300827620
1326300827630
1326300827633
1326300827636
1326300827646
1326300827650
1326300827653
1326300827663
1326300827666
1326300827670
1326300827680
1326300827683
1326300827686
1326300827697
1326300827700
1326300827703
1326300827713
1326300827717
1326300827720
1326300827730
1326300827733
1326300827736
1326300827747
1326300827750
1326300827753
1326300827763
1326300827767
1326300827770
1326300827780
1326300827783
1326300827787
1326300827797
1326300827800
1326300827804
1326300827813
1326300827817
1326300827820
1326300827830
1326300827833
1326300827837
1326300827847
1326300827853
1326300827862
1326300827866
1326300827870
1326300827873
1326300827881
1326300827884
1326300827887
1326300827891
1326300827897
1326300827900
1326300827903
1326300827907
1326300827914
1326300827917
1326300827920
1326300827923
1326300827930
1326300827933
1326300827936
1326300827939
1326300827947
1326300827950
1326300827953
1326300827956
1326300827964
1326300827967
1326300827970
1326300827973
1326300827980
1326300827983
1326300827986
1326300827989
1326300827997
1326300828000
1326300828003
1326300828006
1326300828014
1326300828017
1326300828020
1326300828024
1326300828031
1326300828034
1326300828036
1326300828039
1326300828047
1326300828050
1326300828053
1326300828056
1326300828064
13263