Times stamped for ANIMATION_TIMESTAMPS1326300381043
1326300381052
1326300381059
1326300381061
1326300381064
1326300381067
1326300381069
1326300381075
1326300381077
1326300381080
1326300381082
1326300381085
1326300381087
1326300381090
1326300381093
1326300381095
1326300381098
1326300381100
1326300381103
1326300381105
1326300381109
1326300381111
1326300381114
1326300381116
1326300381119
1326300381121
1326300381125
1326300381127
1326300381130
1326300381132
1326300381134
1326300381137
1326300381139
1326300381143
1326300381145
1326300381147
1326300381150
1326300381152
1326300381155
1326300381157
1326300381161
1326300381163
1326300381166
1326300381168
1326300381171
1326300381173
1326300381176
1326300381179
1326300381181
1326300381184
1326300381186
1326300381188
1326300381191
1326300381194
1326300381197
1326300381199
1326300381202
1326300381204
1326300381207
1326300381209
1326300381212
1326300381215
1326300381217
1326300381220
1326300381222
1326300381225
1326300381227
1326300381231
1326300381233
1326300381236
1326300381245
1326300381248
1326300381251
1326300381253
1326300381256
1326300381258
1326300381261
1326300381263
1326300381274
1326300381276
1326300381279
1326300381281
1326300381290
1326300381293
1326300381295
1326300381298
1326300381307
1326300381309
1326300381312
1326300381314
1326300381324
1326300381326
1326300381329
1326300381331
1326300381340
1326300381343
1326300381346
1326300381348
1326300381357
1326300381360
1326300381362
1326300381365
1326300381374
1326300381376
1326300381379
1326300381381
1326300381390
1326300381393
1326300381395
1326300381398
1326300381405
1326300381414
1326300381424
1326300381426
1326300381429
1326300381432
1326300381441
1326300381443
1326300381446
1326300381448
1326300381457
1326300381460
1326300381462
1326300381465
1326300381474
1326300381477
1326300381479
1326300381482
1326300381492
1326300381494
1326300381497
1326300381507
1326300381510
1326300381512
1326300381515
1326300381524
1326300381527
1326300381529
1326300381531
1326300381541
1326300381543
1326300381546
1326300381548
1326300381557
1326300381560
1326300381562
1326300381565
1326300381574
1326300381577
1326300381579
1326300381581
1326300381591
1326300381593
1326300381595
1326300381598
1326300381608
1326300381610
1326300381612
1326300381615
1326300381624
1326300381627
1326300381629
1326300381632
1326300381641
1326300381643
1326300381646
1326300381648
1326300381658
1326300381660
1326300381663
1326300381665
1326300381674
1326300381677
1326300381679
1326300381682
1326300381691
1326300381694
1326300381696
1326300381699
1326300381708
1326300381710
1326300381713
1326300381715
1326300381724
1326300381727
1326300381730
1326300381732
1326300381741
1326300381744
1326300381746
1326300381749
1326300381758
1326300381760
1326300381763
1326300381765
1326300381775
1326300381777
1326300381780
1326300381782
1326300381791
1326300381794
1326300381796
1326300381799
1326300381809
1326300381812
1326300381814
1326300381825
1326300381827
1326300381829
1326300381832
1326300381841
1326300381844
1326300381846
1326300381849
1326300381858
1326300381860
1326300381863
1326300381865
1326300381875
1326300381877
1326300381880
1326300381882
1326300381891
1326300381896
1326300381899
1326300381908
1326300381911
1326300381913
1326300381915
1326300381925
1326300381927
1326300381930
1326300381932
1326300381941
1326300381944
1326300381946
1326300381949
1326300381958
1326300381961
1326300381963
1326300381965
1326300381975
1326300381977
1326300381980
1326300381982
1326300381991
1326300381994
1326300381996
1326300381999
1326300382008
1326300382011
1326300382013
1326300382016
1326300382025
1326300382027
1326300382030
1326300382032
1326300382042
1326300382044
1326300382047
1326300382049
1326300382058
1326300382061
1326300382063
1326300382066
1326300382075
1326300382077
1326300382080
1326300382083
1326300382092
1326300382094
1326300382096
1326300382099
1326300382108
1326300382111
1326300382113
1326300382116
1326300382125
1326300382128
1326300382130
1326300382133
1326300382142
1326300382145
1326300382147
1326300382150
1326300382158
1326300382161
1326300382164
1326300382166
1326300382175
1326300382178
1326300382180
1326300382183
1326300382192
1326300382194
1326300382197
1326300382200
1326300382210
1326300382213
1326300382215
1326300382225
1326300382228
1326300382230
1326300382233
1326300382242
1326300382248
1326300382259
1326300382261
1326300382264
1326300382266
1326300382275
1326300382278
1326300382280
1326300382283
1326300382292
1326300382295
1326300382297
1326300382300
1326300382309
1326300382311
1326300382314
1326300382317
1326300382326
1326300382328
1326300382331
1326300382333
1326300382342
1326300382345
1326300382347
1326300382349
1326300382359
1326300382361
1326300382363
1326300382366
1326300382375
1326300382378
1326300382380
1326300382383
1326300382392
1326300382395
1326300382397
1326300382399
1326300382407
1326300382415
1326300382426
1326300382428
1326300382430
1326300382433
1326300382442
1326300382445
1326300382447
1326300382449
1326300382459
1326300382462
1326300382464
1326300382466
1326300382476
1326300382478
1326300382481
1326300382483
1326300382492
1326300382495
1326300382497
1326300382500
1326300382509
1326300382512
1326300382514
1326300382517
1326300382526
1326300382528
1326300382531
1326300382533
1326300382542
1326300382545
1326300382547
1326300382550
1326300382559
1326300382561
1326300382564
1326300382566
1326300382576
1326300382578
1326300382581
1326300382583
1326300382592
1326300382595
1326300382598
1326300382600
1326300382610
1326300382612
1326300382614
1326300382617
1326300382626
1326300382628
1326300382631
1326300382633
1326300382643
1326300382645
1326300382648
1326300382650
1326300382659
1326300382662
1326300382664
1326300382667
1326300382676
1326300382678
1326300382681
1326300382683
1326300382693
1326300382695
1326300382697
1326300382700
1326300382709
1326300382712
1326300382714
1326300382716
1326300382726
1326300382728
1326300382731
1326300382733
1326300382743
1326300382745
1326300382747
1326300382750
1326300382759
1326300382762
1326300382764
1326300382767
1326300382776
1326300382779
1326300382782
1326300382798
1326300382806
1326300382813
1326300382818
1326300382823
1326300382828
1326300382833
1326300382845
1326300382849
1326300382861
1326300382865
1326300382869
1326300382873
1326300382877
1326300382880
1326300382884
1326300382888
1326300382892
1326300382896
1326300382899
1326300382911
1326300382915
1326300382928
1326300382931
1326300382935
1326300382939
1326300382943
1326300382947
1326300382950
1326300382961
1326300382965
1326300382969
1326300382978
1326300382982
1326300382985
1326300382995
1326300382999
1326300383003
1326300383011
1326300383014
1326300383017
1326300383020
1326300383028
1326300383031
1326300383034
1326300383037
1326300383045
1326300383048
1326300383051
1326300383054
1326300383061
1326300383064
1326300383067
1326300383070
1326300383078
1326300383081
1326300383084
1326300383087
1326300383095
1326300383098
1326300383101
1326300383104
1326300383112
1326300383114
1326300383117
1326300383120
1326300383128
1326300383131
1326300383134
1326300383137
1326300383145
1326300383148
1326300383151
1326300383154
1326300383162
1326300383165
1326300383168
1326300383171
1326300383178
1326300383181
1326300383184
1326300383187
1326300383195
1326300383198
1326300383201
1326300383204
1326300383212
1326300383215
1326300383218
1326300383221
1326300383229
1326300383232
1326300383234
1326300383238
1326300383245
1326300383248
1326300383251
1326300383254
1326300383262
1326300383265
1326300383267
1326300383270
1326300383278
1326300383281
1326300383284
1326300383287
1326300383295
1326300383298
1326300383301
1326300383304
1326300383308
1326300383317
1326300383320
1326300383323
1326300383329
1326300383332
1326300383334
1326300383337
1326300383340
1326300383346
1326300383349
1326300383351
1326300383354
1326300383357
1326300383362
1326300383365
1326300383368
1326300383371
1326300383374
1326300383379
1326300383382
1326300383385
1326300383388
1326300383391
1326300383395
1326300383398
1326300383401
1326300383404
1326300383407
1326300383417
1326300383420
1326300383423
1326300383425
1326300383429
1326300383432
1326300383435
1326300383438
1326300383440
1326300383443
1326300383447
1326300383450
1326300383453
1326300383456
1326300383459
1326300383462
1326300383466
1326300383469
1326300383472
1326300383474
1326300383477
1326300383481
1326300383484
1326300383487
1326300383490
1326300383493
1326300383497
1326300383500
1326300383503
1326300383506
1326300383509
1326300383512
1326300383515
1326300383518
1326300383521
1326300383524
1326300383527
1326300383531
1326300383534
1326300383537
1326300383540
1326300383543
1326300383547
1326300383550
1326300383553
1326300383556
1326300383558
1326300383561
1326300383565
1326300383568
1326300383571
1326300383574
1326300383577
1326300383580
1326300383584
1326300383587
1326300383590
1326300383593
1326300383595
1326300383599
1326300383602
1326300383605
1326300383608
1326300383611
1326300383615
1326300383618
1326300383621
1326300383624
1326300383627
1326300383631
1326300383634
1326300383637
1326300383640
1326300383643
1326300383646
1326300383650
1326300383653
1326300383655
1326300383658
1326300383661
1326300383665
1326300383668
1326300383674
1326300383682
1326300383686
1326300383696
1326300383699
1326300383702
1326300383713
1326300383715
1326300383718
1326300383731
1326300383735
1326300383746
1326300383750
1326300383753
1326300383762
1326300383765
1326300383768
1326300383779
1326300383782
1326300383785
1326300383796
1326300383799
1326300383802
1326300383813
1326300383816
1326300383819
1326300383829
1326300383832
1326300383836
1326300383846
1326300383849
1326300383852
1326300383863
1326300383866
1326300383869
1326300383880
1326300383883
1326300383886
1326300383896
1326300383899
1326300383902
1326300383914
1326300383917
1326300383920
1326300383929
1326300383932
1326300383935
1326300383946
1326300383949
1326300383952
1326300383963
1326300383966
1326300383969
1326300383980
1326300383983
1326300383986
1326300383996
1326300383999
1326300384002
1326300384013
1326300384016
1326300384019
1326300384030
1326300384033
1326300384036
1326300384046
1326300384049
1326300384052
1326300384063
1326300384066
1326300384069
1326300384080
1326300384083
1326300384086
1326300384098
1326300384101
1326300384103
1326300384113
1326300384116
1326300384119
1326300384122
1326300384130
1326300384133
1326300384136
1326300384139
1326300384147
1326300384150
1326300384153
1326300384155
1326300384163
1326300384166
1326300384169
1326300384172
1326300384180
1326300384183
1326300384186
1326300384189
1326300384197
1326300384199
1326300384202
1326300384205
1326300384213
1326300384216
1326300384219
1326300384222
1326300384230
1326300384233
1326300384236
1326300384239
1326300384243
1326300384252
1326300384255
1326300384257
1326300384264
1326300384267
1326300384269
1326300384272
1326300384275
1326300384280
1326300384283
1326300384286
1326300384288
1326300384291
1326300384297
1326300384300
1326300384303
1326300384306
1326300384310
1326300384314
1326300384317
1326300384320
1326300384324
1326300384327
1326300384331
1326300384334
1326300384338
1326300384341
1326300384344
1326300384348
1326300384351
1326300384355
1326300384358
1326300384361
1326300384365
1326300384369
1326300384372
1326300384375
1326300384379
1326300384383
1326300384386
1326300384389
1326300384393
1326300384396
1326300384400
1326300384403
1326300384407
1326300384417
1326300384421
1326300384424
1326300384428
1326300384431
1326300384434
1326300384438
1326300384442
1326300384445
1326300384448
1326300384451
1326300384464
1326300384467
1326300384471
1326300384474
1326300384478
1326300384481
1326300384484
1326300384488
1326300384491
1326300384495
1326300384498
1326300384501
1326300384514
1326300384517
1326300384521
1326300384524
1326300384527
1326300384530
1326300384534
1326300384538
1326300384541
1326300384544
1326300384547
1326300384551
1326300384554
1326300384558
1326300384561
1326300384564
1326300384568
1326300384572
1326300384575
1326300384578
1326300384582
1326300384585
1326300384597
1326300384601
1326300384605
1326300384608
1326300384611
1326300384615
1326300384618
1326300384622
1326300384625
1326300384629
1326300384632
1326300384635
1326300384647
1326300384651
1326300384654
1326300384664
1326300384667
1326300384670
1326300384681
1326300384684
1326300384688
1326300384698
1326300384701
1326300384705
1326300384714
1326300384718
1326300384721
1326300384731
1326300384734
1326300384737
1326300384748
1326300384751
1326300384754
1326300384764
1326300384767
1326300384771
1326300384781
1326300384784
1326300384788
1326300384798
1326300384801
1326300384805
1326300384815
1326300384818
1326300384822
1326300384832
1326300384835
1326300384838
1326300384848
1326300384851
1326300384854
1326300384864
1326300384868
1326300384871
1326300384881
1326300384884
1326300384888
1326300384898
1326300384901
1326300384905
1326300384915
1326300384918
1326300384921
1326300384932
1326300384935
1326300384938
1326300384948
1326300384951
1326300384955
1326300384965
1326300384968
1326300384971
1326300384981
1326300384985
1326300384988
1326300384998
1326300385001
1326300385005
1326300385015
1326300385018
1326300385021
1326300385031
1326300385035
1326300385038
1326300385048
1326300385051
1326300385055
1326300385065
1326300385068
1326300385071
1326300385082
1326300385085
1326300385088
1326300385098
1326300385102
1326300385105
1326300385115
1326300385118
1326300385121
1326300385131
1326300385135
1326300385138
1326300385148
1326300385151
1326300385155
1326300385165
1326300385168
1326300385171
1326300385182
1326300385185
1326300385188
1326300385198
1326300385202
1326300385205
1326300385215
1326300385218
1326300385221
1326300385232
1326300385235
1326300385238
1326300385244
1326300385253
1326300385257
1326300385265
1326300385268
1326300385272
1326300385275
1326300385282
1326300385285
1326300385288
1326300385291
1326300385298
1326300385302
1326300385305
1326300385308
1326300385315
1326300385319
1326300385322
1326300385325
1326300385332
1326300385335
1326300385338
1326300385342
1326300385349
1326300385352
1326300385355
1326300385358
1326300385365
1326300385369
1326300385372
1326300385375
1326300385382
1326300385385
1326300385388
1326300385392
1326300385399
1326300385402
1326300385405
1326300385408
1326300385412
1326300385420
1326300385423
1326300385427
1326300385432
1326300385435
1326300385438
1326300385442
1326300385445
1326300385449
1326300385452
1326300385455
1326300385458
1326300385462
1326300385465
1326300385469
1326300385472
1326300385475
1326300385479
1326300385482
1326300385486
1326300385489
1326300385492
1326300385495
1326300385499
1326300385503
1326300385506
1326300385509
1326300385512
1326300385516
1326300385519
1326300385523
1326300385526
1326300385529
1326300385533
1326300385536
1326300385539
1326300385542
1326300385545
1326300385549
1326300385553
1326300385556
1326300385559
1326300385562
1326300385566
1326300385569
1326300385572
1326300385575
1326300385579
1326300385583
1326300385586
1326300385589
1326300385592
1326300385596
1326300385600
1326300385603
1326300385606
1326300385609
1326300385613
1326300385617
1326300385620
1326300385623
1326300385626
1326300385630
1326300385634
1326300385637
1326300385640
1326300385643
1326300385647
1326300385651
1326300385654
1326300385657
1326300385660
1326300385664
1326300385668
1326300385671
1326300385674
1326300385677
1326300385681
1326300385685
1326300385688
1326300385691
1326300385694
1326300385697
1326300385701
1326300385704
1326300385707
1326300385710
1326300385714
1326300385718
1326300385721
1326300385724
1326300385727
1326300385730
1326300385734
1326300385737
1326300385740
1326300385743
1326300385746
1326300385750
1326300385753
1326300385757
1326300385760
1326300385763
1326300385767
1326300385770
1326300385773
1326300385776
1326300385786
1326300385790
1326300385793
1326300385796
1326300385799
1326300385803
1326300385807
1326300385810
1326300385813
1326300385816
1326300385820
1326300385824
1326300385827
1326300385830
1326300385834
1326300385837
1326300385849
1326300385853
1326300385856
1326300385866
1326300385869
1326300385872
1326300385883
1326300385886
1326300385889
1326300385899
1326300385902
1326300385906
1326300385916
1326300385920
1326300385923
1326300385933
1326300385936
1326300385940
1326300385950
1326300385953
1326300385956
1326300385966
1326300385970
1326300385973
1326300385983
1326300385986
1326300385990
1326300386000
1326300386003
1326300386006
1326300386016
13263003