Times stamped for ANIMATION_TIMESTAMPS
1326302211424
1326302211436
1326302211441
1326302211443
1326302211446
1326302211448
1326302211451
1326302211453
1326302211457
1326302211460
1326302211462
1326302211464
1326302211467
1326302211469
1326302211473
1326302211475
1326302211478
1326302211481
1326302211483
1326302211486
1326302211489
1326302211492
1326302211494
1326302211497
1326302211499
1326302211502
1326302211504
1326302211508
1326302211510
1326302211513
1326302211515
1326302211518
1326302211520
1326302211524
1326302211527
1326302211529
1326302211532
1326302211534
1326302211537
1326302211541
1326302211543
1326302211546
1326302211548
1326302211551
1326302211553
1326302211557
1326302211559
1326302211562
1326302211564
1326302211567
1326302211569
1326302211573
1326302211575
1326302211578
1326302211580
1326302211583
1326302211585
1326302211589
1326302211591
1326302211594
1326302211596
1326302211599
1326302211601
1326302211604
1326302211607
1326302211610
1326302211612
1326302211614
1326302211617
1326302211620
1326302211623
1326302211625
1326302211628
1326302211630
1326302211633
1326302211635
1326302211639
1326302211642
1326302211644
1326302211646
1326302211649
1326302211652
1326302211655
1326302211657
1326302211660
1326302211662
1326302211665
1326302211667
1326302211671
1326302211673
1326302211675
1326302211678
1326302211680
1326302211682
1326302211685
1326302211688
1326302211690
1326302211693
1326302211695
1326302211698
1326302211701
1326302211704
1326302211706
1326302211709
1326302211711
1326302211714
1326302211716
1326302211720
1326302211722
1326302211725
1326302211727
1326302211730
1326302211732
1326302211736
1326302211738
1326302211741
1326302211743
1326302211746
1326302211748
1326302211751
1326302211754
1326302211756
1326302211759
1326302211761
1326302211764
1326302211766
1326302211770
1326302211772
1326302211775
1326302211777
1326302211779
1326302211782
1326302211785
1326302211788
1326302211790
1326302211793
1326302211795
1326302211798
1326302211800
1326302211803
1326302211806
1326302211808
1326302211811
1326302211813
1326302211816
1326302211819
1326302211822
1326302211824
1326302211827
1326302211829
1326302211832
1326302211834
1326302211838
1326302211840
1326302211842
1326302211845
1326302211847
1326302211857
1326302211868
1326302211870
1326302211873
1326302211875
1326302211884
1326302211887
1326302211889
1326302211892
1326302211901
1326302211904
1326302211906
1326302211909
1326302211918
1326302211920
1326302211923
1326302211925
1326302211934
1326302211937
1326302211939
1326302211942
1326302211951
1326302211954
1326302211956
1326302211958
1326302211968
1326302211970
1326302211973
1326302211975
1326302211985
1326302211987
1326302211990
1326302211993
1326302212001
1326302212004
1326302212006
1326302212008
1326302212018
1326302212020
1326302212023
1326302212025
1326302212034
1326302212037
1326302212039
1326302212042
1326302212051
1326302212054
1326302212056
1326302212059
1326302212068
1326302212071
1326302212073
1326302212076
1326302212085
1326302212087
1326302212090
1326302212092
1326302212101
1326302212104
1326302212106
1326302212109
1326302212118
1326302212121
1326302212123
1326302212125
1326302212135
1326302212137
1326302212140
1326302212142
1326302212152
1326302212154
1326302212156
1326302212159
1326302212168
1326302212171
1326302212173
1326302212176
1326302212185
1326302212191
1326302212202
1326302212204
1326302212206
1326302212209
1326302212218
1326302212221
1326302212223
1326302212225
1326302212235
1326302212238
1326302212240
1326302212242
1326302212252
1326302212254
1326302212257
1326302212259
1326302212268
1326302212271
1326302212273
1326302212276
1326302212285
1326302212288
1326302212290
1326302212293
1326302212302
1326302212304
1326302212306
1326302212309
1326302212318
1326302212321
1326302212323
1326302212326
1326302212335
1326302212338
1326302212340
1326302212343
1326302212350
1326302212358
1326302212368
1326302212371
1326302212373
1326302212376
1326302212385
1326302212388
1326302212390
1326302212393
1326302212402
1326302212405
1326302212407
1326302212409
1326302212420
1326302212422
1326302212425
1326302212435
1326302212438
1326302212440
1326302212443
1326302212452
1326302212455
1326302212457
1326302212460
1326302212469
1326302212471
1326302212474
1326302212476
1326302212485
1326302212488
1326302212490
1326302212493
1326302212502
1326302212505
1326302212507
1326302212510
1326302212519
1326302212521
1326302212524
1326302212526
1326302212535
1326302212538
1326302212540
1326302212543
1326302212552
1326302212555
1326302212557
1326302212560
1326302212569
1326302212571
1326302212574
1326302212576
1326302212585
1326302212588
1326302212591
1326302212593
1326302212602
1326302212605
1326302212607
1326302212610
1326302212619
1326302212621
1326302212624
1326302212626
1326302212636
1326302212638
1326302212640
1326302212643
1326302212652
1326302212655
1326302212657
1326302212660
1326302212669
1326302212671
1326302212674
1326302212677
1326302212686
1326302212688
1326302212691
1326302212693
1326302212702
1326302212705
1326302212707
1326302212710
1326302212719
1326302212722
1326302212724
1326302212727
1326302212736
1326302212738
1326302212741
1326302212743
1326302212752
1326302212755
1326302212757
1326302212760
1326302212769
1326302212772
1326302212774
1326302212777
1326302212786
1326302212788
1326302212790
1326302212793
1326302212802
1326302212805
1326302212807
1326302212810
1326302212819
1326302212822
1326302212824
1326302212827
1326302212836
1326302212838
1326302212841
1326302212843
1326302212853
1326302212855
1326302212858
1326302212860
1326302212869
1326302212872
1326302212874
1326302212877
1326302212886
1326302212889
1326302212891
1326302212894
1326302212903
1326302212905
1326302212908
1326302212910
1326302212919
1326302212922
1326302212924
1326302212927
1326302212936
1326302212939
1326302212941
1326302212943
1326302212953
1326302212955
1326302212957
1326302212960
1326302212969
1326302212972
1326302212974
1326302212977
1326302212986
1326302212989
1326302212991
1326302212994
1326302213004
1326302213007
1326302213009
1326302213020
1326302213022
1326302213024
1326302213027
1326302213036
1326302213039
1326302213042
1326302213044
1326302213053
1326302213056
1326302213058
1326302213061
1326302213070
1326302213072
1326302213075
1326302213077
1326302213087
1326302213089
1326302213092
1326302213094
1326302213103
1326302213105
1326302213108
1326302213111
1326302213120
1326302213122
1326302213125
1326302213127
1326302213136
1326302213139
1326302213141
1326302213143
1326302213153
1326302213156
1326302213158
1326302213161
1326302213170
1326302213196
1326302213208
1326302213215
1326302213222
1326302213227
1326302213232
1326302213238
1326302213243
1326302213248
1326302213255
1326302213260
1326302213265
1326302213271
1326302213276
1326302213282
1326302213288
1326302213293
1326302213298
1326302213305
1326302213310
1326302213315
1326302213322
1326302213326
1326302213331
1326302213338
1326302213343
1326302213348
1326302213360
1326302213365
1326302213372
1326302213375
1326302213379
1326302213382
1326302213388
1326302213392
1326302213395
1326302213399
1326302213405
1326302213408
1326302213412
1326302213415
1326302213422
1326302213425
1326302213429
1326302213432
1326302213439
1326302213442
1326302213445
1326302213449
1326302213455
1326302213459
1326302213462
1326302213466
1326302213472
1326302213475
1326302213478
1326302213482
1326302213488
1326302213492
1326302213495
1326302213498
1326302213505
1326302213509
1326302213512
1326302213516
1326302213522
1326302213525
1326302213529
1326302213532
1326302213539
1326302213542
1326302213545
1326302213549
1326302213555
1326302213559
1326302213562
1326302213565
1326302213572
1326302213575
1326302213579
1326302213582
1326302213589
1326302213592
1326302213595
1326302213599
1326302213605
1326302213609
1326302213612
1326302213616
1326302213622
1326302213625
1326302213629
1326302213632
1326302213639
1326302213642
1326302213645
1326302213649
1326302213656
1326302213659
1326302213662
1326302213666
1326302213672
1326302213676
1326302213679
1326302213682
1326302213689
1326302213692
1326302213695
1326302213698
1326302213705
1326302213709
1326302213712
1326302213715
1326302213722
1326302213725
1326302213729
1326302213732
1326302213739
1326302213742
1326302213745
1326302213749
1326302213756
1326302213759
1326302213762
1326302213766
1326302213772
1326302213775
1326302213779
1326302213782
1326302213789
1326302213792
1326302213795
1326302213799
1326302213806
1326302213809
1326302213812
1326302213816
1326302213822
1326302213826
1326302213829
1326302213832
1326302213839
1326302213842
1326302213846
1326302213849
1326302213856
1326302213859
1326302213862
1326302213866
1326302213872
1326302213876
1326302213879
1326302213882
1326302213889
1326302213892
1326302213895
1326302213899
1326302213906
1326302213909
1326302213912
1326302213915
1326302213922
1326302213926
1326302213929
1326302213932
1326302213939
1326302213943
1326302213946
1326302213949
1326302213956
1326302213959
1326302213963
1326302213966
1326302213972
1326302213976
1326302213980
1326302213983
1326302213989
1326302213993
1326302213996
1326302213999
1326302214006
1326302214009
1326302214013
1326302214016
1326302214023
1326302214026
1326302214029
1326302214033
1326302214040
1326302214043
1326302214046
1326302214049
1326302214056
1326302214060
1326302214071
1326302214075
1326302214079
1326302214082
1326302214090
1326302214093
1326302214098
1326302214106
1326302214110
1326302214113
1326302214116
1326302214123
1326302214126
1326302214130
1326302214132
1326302214140
1326302214142
1326302214145
1326302214148
1326302214156
1326302214159
1326302214162
1326302214165
1326302214173
1326302214176
1326302214179
1326302214182
1326302214187
1326302214195
1326302214198
1326302214206
1326302214209
1326302214212
1326302214215
1326302214223
1326302214226
1326302214229
1326302214232
1326302214240
1326302214243
1326302214246
1326302214249
1326302214257
1326302214260
1326302214263
1326302214266
1326302214273
1326302214276
1326302214279
1326302214282
1326302214290
1326302214293
1326302214295
1326302214298
1326302214308
1326302214310
1326302214313
1326302214316
1326302214325
1326302214328
1326302214330
1326302214333
1326302214340
1326302214343
1326302214346
1326302214349
1326302214353
1326302214362
1326302214365
1326302214368
1326302214374
1326302214377
1326302214380
1326302214382
1326302214386
1326302214390
1326302214393
1326302214396
1326302214399
1326302214402
1326302214407
1326302214410
1326302214413
1326302214416
1326302214419
1326302214423
1326302214426
1326302214429
1326302214432
1326302214435
1326302214440
1326302214443
1326302214446
1326302214449
1326302214452
1326302214458
1326302214462
1326302214465
1326302214468
1326302214474
1326302214477
1326302214479
1326302214482
1326302214485
1326302214490
1326302214493
1326302214496
1326302214499
1326302214502
1326302214507
1326302214510
1326302214513
1326302214516
1326302214519
1326302214524
1326302214527
1326302214530
1326302214533
1326302214535
1326302214540
1326302214543
1326302214546
1326302214549
1326302214552
1326302214557
1326302214560
1326302214563
1326302214566
1326302214569
1326302214574
1326302214577
1326302214580
1326302214582
1326302214585
1326302214590
1326302214593
1326302214596
1326302214599
1326302214602
1326302214607
1326302214610
1326302214613
1326302214616
1326302214619
1326302214624
1326302214627
1326302214630
1326302214632
1326302214635
1326302214640
1326302214643
1326302214646
1326302214649
1326302214652
1326302214657
1326302214660
1326302214663
1326302214666
1326302214669
1326302214674
1326302214677
1326302214680
1326302214682
1326302214685
1326302214690
1326302214694
1326302214697
1326302214700
1326302214704
1326302214708
1326302214711
1326302214715
1326302214718
1326302214721
1326302214725
1326302214729
1326302214732
1326302214736
1326302214739
1326302214743
1326302214746
1326302214750
1326302214753
1326302214756
1326302214760
1326302214764
1326302214767
1326302214770
1326302214774
1326302214777
1326302214781
1326302214784
1326302214788
1326302214791
1326302214795
1326302214799
1326302214802
1326302214805
1326302214809
1326302214813
1326302214816
1326302214820
1326302214823
1326302214826
1326302214830
1326302214834
1326302214837
1326302214840
1326302214844
1326302214848
1326302214851
1326302214855
1326302214858
1326302214861
1326302214866
1326302214869
1326302214872
1326302214876
1326302214880
1326302214891
1326302214894
1326302214898
1326302214907
1326302214911
1326302214915
1326302214924
1326302214927
1326302214932
1326302214941
1326302214944
1326302214949
1326302214959
1326302214965
1326302214974
1326302214978
1326302214983
1326302214991
1326302214994
1326302214999
1326302215008
1326302215011
1326302215015
1326302215024
1326302215028
1326302215032
1326302215041
1326302215044
1326302215048
1326302215058
1326302215061
1326302215065
1326302215075
1326302215078
1326302215082
1326302215091
1326302215094
1326302215099
1326302215108
1326302215111
1326302215115
1326302215125
1326302215128
1326302215132
1326302215141
1326302215145
1326302215149
1326302215158
1326302215161
1326302215165
1326302215175
1326302215178
1326302215182
1326302215187
1326302215197
1326302215200
1326302215208
1326302215211
1326302215215
1326302215218
1326302215225
1326302215228
1326302215231
1326302215235
1326302215242
1326302215245
1326302215248
1326302215252
1326302215258
1326302215261
1326302215265
1326302215268
1326302215275
1326302215278
1326302215281
1326302215285
1326302215291
1326302215295
1326302215298
1326302215302
1326302215308
1326302215311
1326302215315
1326302215318
1326302215325
1326302215328
1326302215331
1326302215334
1326302215342
1326302215345
1326302215348
1326302215351
1326302215355
1326302215363
1326302215367
1326302215370
1326302215375
1326302215378
1326302215382
1326302215385
1326302215392
1326302215395
1326302215398
1326302215401
1326302215408
1326302215412
1326302215415
1326302215418
1326302215425
1326302215428
1326302215432
1326302215435
1326302215442
1326302215445
1326302215449
1326302215452
1326302215459
1326302215462
1326302215465
1326302215469
1326302215475
1326302215479
1326302215482
1326302215485
1326302215492
1326302215495
1326302215498
1326302215501
1326302215509
1326302215512
1326302215516
1326302215519
1326302215525
1326302215529
1326302215532
1326302215536
1326302215542
1326302215546
1326302215550
1326302215553
1326302215559
1326302215562
1326302215566
1326302215570
1326302215575
1326302215579
1326302215583
1326302215587
1326302215592
1326302215596
1326302215599
1326302215603
1326302215609
1326302215612
1326302215616
1326302215620
1326302215625
1326302215629
1326302215633
1326302215636
1326302215642
1326302215645
1326302215649
1326302215652
1326302215658
1326302215662
1326302215666
1326302215669
1326302215675
1326302215679
1326302215682
1326302215686
1326302215692
1326302215695
1326302215699
1326302215702
1326302215709
1326302215712
1326302215716
1326302215719
1326302215732
1326302215735
1326302215742
1326302215746
1326302215749
1326302215753
1326302215759
1326302215762
1326302215766
1326302215770
1326302215776
1326302215779
1326302215783
1326302215788
1326302215792
1326302215796
1326302215800
1326302215803
1326302215809
1326302215812
1326302215816
1326302215820
1326302215826
1326302215829
1326302215833
1326302215837
1326302215842
1326302215846
1326302215849
1326302215853
1326302215859
1326302215863
1326302215866
1326302215870
1326302215880
1326302215899
1326302215932
1326302215965
1326302215998
1326302216031
1326302216053
1326302216066
1326302216070
1326302216083
1326302216097
1326302216102
1326302216115
1326302216120
1326302216131
1326302216137
1326302216148
1326302216153
1326302216165
1326302216170
1326302216182
1326302216187
1326302216198
1326302216203
1326302216215
1326302216220
1326302216232
1326302216243
1326302216247
1326302216251
1326302216255
1326302216258
1326302216262
1326302216266
1326302216277
1326302216280
1326302216284
1326302216293
1326302216297
1326302216301
1326302216310
1326302216313
1326302216317
1326302216327
1326302216331
1326302216335
1326302216343
1326302216347
1326302216351
1326302216355
1326302216365
1326302216369
1326302216377
1326302216380
1326302216384
1326302216393
1326302216397
1326302216401
1326302216410
1326302216414
1326302216417
1326302216427
1326302216431
1326302216434
1326302216444
1326302216447
1326302216451
1326302216460
1326302216464
1326302216467
1326302216477
1326302216480
1326302216484
1326302216494
1326302