Times stamped for ANIMATION_TIMESTAMPS
1326300386371
1326300674616
1326300674624
1326300674629
1326300674631
1326300674634
1326300674636
1326300674639
1326300674644
1326300674646
1326300674649
1326300674651
1326300674653
1326300674656
1326300674659
1326300674661
1326300674664
1326300674666
1326300674668
1326300674671
1326300674673
1326300674677
1326300674679
1326300674682
1326300674684
1326300674686
1326300674689
1326300674691
1326300674694
1326300674697
1326300674699
1326300674702
1326300674704
1326300674706
1326300674709
1326300674712
1326300674714
1326300674721
1326300674724
1326300674727
1326300674731
1326300674733
1326300674735
1326300674738
1326300674740
1326300674743
1326300674745
1326300674748
1326300674750
1326300674753
1326300674755
1326300674757
1326300674760
1326300674762
1326300674765
1326300674768
1326300674770
1326300674772
1326300674774
1326300674777
1326300674779
1326300674782
1326300674784
1326300674787
1326300674789
1326300674791
1326300674794
1326300674796
1326300674799
1326300674802
1326300674804
1326300674806
1326300674809
1326300674811
1326300674814
1326300674817
1326300674819
1326300674822
1326300674824
1326300674827
1326300674829
1326300674832
1326300674835
1326300674837
1326300674839
1326300674842
1326300674844
1326300674846
1326300674850
1326300674852
1326300674854
1326300674857
1326300674859
1326300674861
1326300674864
1326300674867
1326300674870
1326300674872
1326300674875
1326300674878
1326300674880
1326300674883
1326300674886
1326300674888
1326300674890
1326300674893
1326300674895
1326300674898
1326300674909
1326300674912
1326300674914
1326300674917
1326300674920
1326300674922
1326300674924
1326300674927
1326300674929
1326300674932
1326300674943
1326300674945
1326300674948
1326300674959
1326300674962
1326300674964
1326300674968
1326300674970
1326300674972
1326300674975
1326300674977
1326300674979
1326300674982
1326300674993
1326300674995
1326300674998
1326300675009
1326300675012
1326300675014
1326300675017
1326300675020
1326300675022
1326300675025
1326300675027
1326300675029
1326300675032
1326300675043
1326300675045
1326300675047
1326300675051
1326300675053
1326300675056
1326300675058
1326300675060
1326300675063
1326300675065
1326300675076
1326300675079
1326300675081
1326300675084
1326300675087
1326300675089
1326300675091
1326300675094
1326300675096
1326300675098
1326300675110
1326300675112
1326300675114
1326300675126
1326300675129
1326300675131
1326300675134
1326300675137
1326300675139
1326300675141
1326300675144
1326300675146
1326300675148
1326300675160
1326300675162
1326300675164
1326300675167
1326300675170
1326300675172
1326300675175
1326300675177
1326300675179
1326300675182
1326300675193
1326300675195
1326300675198
1326300675210
1326300675212
1326300675214
1326300675218
1326300675220
1326300675223
1326300675225
1326300675227
1326300675230
1326300675240
1326300675249
1326300675260
1326300675262
1326300675265
1326300675267
1326300675277
1326300675279
1326300675282
1326300675284
1326300675293
1326300675296
1326300675298
1326300675300
1326300675310
1326300675312
1326300675315
1326300675317
1326300675327
1326300675329
1326300675331
1326300675334
1326300675343
1326300675346
1326300675348
1326300675350
1326300675360
1326300675362
1326300675365
1326300675367
1326300675377
1326300675379
1326300675381
1326300675384
1326300675393
1326300675400
1326300675410
1326300675412
1326300675415
1326300675417
1326300675427
1326300675429
1326300675432
1326300675434
1326300675444
1326300675446
1326300675448
1326300675451
1326300675460
1326300675463
1326300675465
1326300675467
1326300675477
1326300675479
1326300675481
1326300675484
1326300675494
1326300675496
1326300675498
1326300675501
1326300675510
1326300675513
1326300675515
1326300675517
1326300675527
1326300675529
1326300675532
1326300675534
1326300675544
1326300675546
1326300675548
1326300675551
1326300675560
1326300675563
1326300675565
1326300675568
1326300675577
1326300675579
1326300675582
1326300675584
1326300675594
1326300675596
1326300675598
1326300675601
1326300675610
1326300675613
1326300675615
1326300675617
1326300675627
1326300675629
1326300675632
1326300675634
1326300675644
1326300675646
1326300675648
1326300675651
1326300675660
1326300675663
1326300675665
1326300675668
1326300675677
1326300675680
1326300675682
1326300675684
1326300675694
1326300675696
1326300675698
1326300675700
1326300675710
1326300675713
1326300675715
1326300675717
1326300675727
1326300675729
1326300675731
1326300675733
1326300675744
1326300675746
1326300675748
1326300675750
1326300675760
1326300675763
1326300675765
1326300675767
1326300675775
1326300675784
1326300675794
1326300675796
1326300675799
1326300675801
1326300675811
1326300675813
1326300675816
1326300675818
1326300675827
1326300675830
1326300675832
1326300675835
1326300675844
1326300675847
1326300675849
1326300675851
1326300675861
1326300675863
1326300675865
1326300675868
1326300675878
1326300675880
1326300675883
1326300675885
1326300675894
1326300675897
1326300675899
1326300675901
1326300675911
1326300675913
1326300675916
1326300675918
1326300675928
1326300675930
1326300675932
1326300675935
1326300675944
1326300675947
1326300675949
1326300675951
1326300675961
1326300675963
1326300675966
1326300675968
1326300675978
1326300675980
1326300675982
1326300675985
1326300675994
1326300675997
1326300675999
1326300676001
1326300676011
1326300676013
1326300676016
1326300676018
1326300676028
1326300676030
1326300676033
1326300676035
1326300676045
1326300676047
1326300676049
1326300676052
1326300676061
1326300676064
1326300676066
1326300676068
1326300676078
1326300676080
1326300676083
1326300676085
1326300676095
1326300676097
1326300676099
1326300676102
1326300676111
1326300676114
1326300676116
1326300676118
1326300676128
1326300676130
1326300676133
1326300676135
1326300676145
1326300676147
1326300676150
1326300676152
1326300676161
1326300676164
1326300676166
1326300676169
1326300676178
1326300676181
1326300676183
1326300676185
1326300676195
1326300676197
1326300676199
1326300676202
1326300676211
1326300676214
1326300676216
1326300676219
1326300676228
1326300676231
1326300676233
1326300676235
1326300676242
1326300676251
1326300676261
1326300676264
1326300676266
1326300676268
1326300676278
1326300676281
1326300676283
1326300676285
1326300676295
1326300676297
1326300676300
1326300676302
1326300676312
1326300676314
1326300676316
1326300676319
1326300676328
1326300676331
1326300676333
1326300676335
1326300676345
1326300676347
1326300676350
1326300676352
1326300676362
1326300676364
1326300676366
1326300676369
1326300676378
1326300676381
1326300676383
1326300676386
1326300676395
1326300676401
1326300676412
1326300676414
1326300676416
1326300676419
1326300676429
1326300676431
1326300676434
1326300676436
1326300676445
1326300676447
1326300676450
1326300676452
1326300676455
1326300676463
1326300676466
1326300676468
1326300676470
1326300676478
1326300676481
1326300676483
1326300676485
1326300676488
1326300676495
1326300676497
1326300676500
1326300676502
1326300676505
1326300676512
1326300676514
1326300676517
1326300676519
1326300676521
1326300676529
1326300676531
1326300676533
1326300676536
1326300676538
1326300676545
1326300676548
1326300676550
1326300676552
1326300676555
1326300676562
1326300676564
1326300676567
1326300676569
1326300676571
1326300676579
1326300676581
1326300676583
1326300676586
1326300676588
1326300676595
1326300676598
1326300676600
1326300676602
1326300676605
1326300676612
1326300676615
1326300676617
1326300676625
1326300676633
1326300676636
1326300676647
1326300676650
1326300676653
1326300676664
1326300676668
1326300676671
1326300676680
1326300676684
1326300676687
1326300676690
1326300676697
1326300676701
1326300676704
1326300676707
1326300676714
1326300676717
1326300676720
1326300676724
1326300676730
1326300676734
1326300676737
1326300676741
1326300676747
1326300676750
1326300676754
1326300676757
1326300676764
1326300676767
1326300676770
1326300676774
1326300676780
1326300676784
1326300676787
1326300676790
1326300676797
1326300676801
1326300676804
1326300676807
1326300676814
1326300676818
1326300676821
1326300676824
1326300676831
1326300676834
1326300676837
1326300676841
1326300676847
1326300676851
1326300676854
1326300676857
1326300676864
1326300676867
1326300676871
1326300676875
1326300676881
1326300676884
1326300676887
1326300676890
1326300676893
1326300676897
1326300676901
1326300676904
1326300676907
1326300676910
1326300676914
1326300676917
1326300676921
1326300676924
1326300676927
1326300676931
1326300676935
1326300676938
1326300676941
1326300676944
1326300676948
1326300676951
1326300676955
1326300676958
1326300676961
1326300676965
1326300676968
1326300676971
1326300676975
1326300676978
1326300676982
1326300676985
1326300676988
1326300676991
1326300676994
1326300676998
1326300677002
1326300677005
1326300677008
1326300677011
1326300677016
1326300677019
1326300677022
1326300677025
1326300677029
1326300677033
1326300677036
1326300677039
1326300677042
1326300677046
1326300677050
1326300677053
1326300677056
1326300677059
1326300677063
1326300677067
1326300677070
1326300677073
1326300677076
1326300677080
1326300677083
1326300677087
1326300677090
1326300677093
1326300677096
1326300677100
1326300677103
1326300677107
1326300677110
1326300677114
1326300677118
1326300677121
1326300677124
1326300677127
1326300677130
1326300677134
1326300677138
1326300677141
1326300677144
1326300677147
1326300677151
1326300677155
1326300677158
1326300677161
1326300677164
1326300677168
1326300677172
1326300677175
1326300677178
1326300677181
1326300677185
1326300677188
1326300677191
1326300677195
1326300677198
1326300677202
1326300677205
1326300677208
1326300677211
1326300677215
1326300677219
1326300677222
1326300677225
1326300677228
1326300677232
1326300677243
1326300677253
1326300677265
1326300677268
1326300677272
1326300677275
1326300677278
1326300677281
1326300677285
1326300677289
1326300677292
1326300677295
1326300677298
1326300677302
1326300677306
1326300677309
1326300677312
1326300677315
1326300677318
1326300677322
1326300677326
1326300677329
1326300677332
1326300677335
1326300677339
1326300677343
1326300677346
1326300677349
1326300677352
1326300677356
1326300677359
1326300677363
1326300677366
1326300677369
1326300677373
1326300677376
1326300677379
1326300677382
1326300677386
1326300677402
1326300677406
1326300677409
1326300677412
1326300677415
1326300677418
1326300677422
1326300677426
1326300677429
1326300677432
1326300677435
1326300677439
1326300677442
1326300677446
1326300677449
1326300677452
1326300677456
1326300677459
1326300677462
1326300677466
1326300677469
1326300677473
1326300677476
1326300677479
1326300677483
1326300677486
1326300677499
1326300677502
1326300677505
1326300677518
1326300677526
1326300677533
1326300677536
1326300677549
1326300677552
1326300677556
1326300677559
1326300677563
1326300677567
1326300677570
1326300677582
1326300677585
1326300677588
1326300677599
1326300677602
1326300677605
1326300677615
1326300677618
1326300677621
1326300677632
1326300677635
1326300677638
1326300677649
1326300677652
1326300677655
1326300677665
1326300677668
1326300677671
1326300677682
1326300677685
1326300677688
1326300677699
1326300677702
1326300677705
1326300677715
1326300677718
1326300677721
1326300677732
1326300677735
1326300677738
1326300677749
1326300677752
1326300677755
1326300677765
1326300677768
1326300677773
1326300677782
1326300677785
1326300677788
1326300677799
1326300677802
1326300677805
1326300677816
1326300677819
1326300677821
1326300677832
1326300677835
1326300677838
1326300677849
1326300677852
1326300677855
1326300677866
1326300677868
1326300677872
1326300677883
1326300677886
1326300677889
1326300677899
1326300677902
1326300677905
1326300677916
1326300677919
1326300677922
1326300677933
1326300677935
1326300677938
1326300677949
1326300677952
1326300677955
1326300677966
1326300677969
1326300677971
1326300677982
1326300677985
1326300677988
1326300677999
1326300678002
1326300678005
1326300678016
1326300678019
1326300678022
1326300678033
1326300678036
1326300678039
1326300678049
1326300678052
1326300678055
1326300678066
1326300678069
1326300678072
1326300678083
1326300678086
1326300678088
1326300678099
1326300678102
1326300678105
1326300678116
1326300678119
1326300678122
1326300678133
1326300678136
1326300678139
1326300678150
1326300678153
1326300678156
1326300678166
1326300678169
1326300678173
1326300678183
1326300678186
1326300678189
1326300678200
1326300678203
1326300678206
1326300678216
1326300678219
1326300678223
1326300678236
1326300678239
1326300678250
1326300678253
1326300678256
1326300678266
1326300678270
1326300678273
1326300678283
1326300678286
1326300678289
1326300678300
1326300678303
1326300678306
1326300678316
1326300678320
1326300678323
1326300678333
1326300678336
1326300678340
1326300678350
1326300678353
1326300678356
1326300678367
1326300678370
1326300678373
1326300678383
1326300678387
1326300678390
1326300678394
1326300678405
1326300678408
1326300678417
1326300678420
1326300678423
1326300678426
1326300678433
1326300678436
1326300678440
1326300678443
1326300678450
1326300678453
1326300678456
1326300678459
1326300678467
1326300678470
1326300678473
1326300678477
1326300678483
1326300678487
1326300678490
1326300678493
1326300678500
1326300678504
1326300678507
1326300678510
1326300678517
1326300678520
1326300678523
1326300678526
1326300678534
1326300678537
1326300678540
1326300678543
1326300678550
1326300678553
1326300678556
1326300678560
1326300678567
1326300678570
1326300678573
1326300678576
1326300678584
1326300678587
1326300678590
1326300678593
1326300678600
1326300678603
1326300678607
1326300678610
1326300678617
1326300678620
1326300678623
1326300678626
1326300678634
1326300678637
1326300678640
1326300678643
1326300678650
1326300678653
1326300678657
1326300678660
1326300678667
1326300678670
1326300678674
1326300678677
1326300678684
1326300678687
1326300678690
1326300678694
1326300678700
1326300678704
1326300678707
1326300678710
1326300678717
1326300678720
1326300678724
1326300678727
1326300678734
1326300678737
1326300678740
1326300678743
1326300678750
1326300678754
1326300678757
1326300678760
1326300678767
1326300678771
1326300678774
1326300678777
1326300678784
1326300678787
1326300678791
1326300678794
1326300678801
1326300678804
1326300678807
1326300678810
1326300678817
1326300678820
1326300678824
1326300678827
1326300678834
1326300678837
1326300678840
1326300678843
1326300678851
1326300678854
1326300678857
1326300678860
1326300678867
1326300678871
1326300678874
1326300678878
1326300678884
1326300678888
1326300678891
1326300678894
1326300678901
1326300678904
1326300678907
1326300678910
1326300678917
1326300678921
1326300678924
1326300678927
1326300678934
1326300678937
1326300678940
1326300678944
1326300678951
1326300678954
1326300678957
1326300678961
1326300678968
1326300678971
1326300678975
1326300678978
1326300678984
1326300678988
1326300678991
1326300678995
1326300679001
1326300679004
1326300679008
1326300679012
1326300679018
1326300679021
1326300679025
1326300679029
1326300679034
1326300679038
1326300679042
1326300679045
1326300679051
1326300679055
1326300679058
1326300679062
1326300679068
1326300679072
1326300679075
1326300679079
1326300679085
1326300679088
1326300679092
1326300679095
1326300679101
1326300679105
1326300679108
1326300679112
1326300679118
1326300679121
1326300679125
1326300679129
1326300679135
1326300679138
1326300679141
1326300679145
1326300679151
1326300679155
1326300679158
1326300679162
1326300679168
1326300679172
1326300679175
1326300679179
1326300679184
1326300679188
1326300679192
1326300679195
1326300679201
1326300679205
1326300679208
1326300679212
1326300679218
1326300679222
1326300679225
1326300679229
1326300679238
1326300679241
1326300679245
1326300679251
1326300679255
1326300679258
1326300679262
1326300679268
1326300679272
1326300679275
1326300679279
1326300679285
1326300679288
1326300679292
1326300679295
1326300679301
1326300679305
1326300679308
1326300679312
1326300679318
1326300679322
1326300679325
1326300679329
1326300679335
1326300679338
1326300679342
1326300679345
1326300679351
1326300679355
1326300679359
1326300679362
1326300679368
1326300679372
1326300679375
1326300679379
1326300679385
1326300679388
1326300679392
1326300679405
1326300679409
1326300679413
1326300679416
1326300679420
1326300679423
1326300679435
1326300679439
1326300679442
1326300679452
1326300679455
1326300679459
1326300679468
1326300679472
1326300